#
# A fatal error has been detected by the Java Runtime Environment:
#
#  EXCEPTION_ACCESS_VIOLATION (0xc0000005) at pc=0x00000000681e7b26, pid=20708, tid=0x0000000000002ef0
#
# JRE version: Java(TM) SE Runtime Environment (8.0_241-b07) (build 1.8.0_241-b07)
# Java VM: Java HotSpot(TM) 64-Bit Server VM (25.241-b07 mixed mode windows-amd64 compressed oops)
# Problematic frame:
# V  [jvm.dll+0x237b26]
#
# Failed to write core dump. Minidumps are not enabled by default on client versions of Windows
#
# If you would like to submit a bug report, please visit:
#   http://bugreport.java.com/bugreport/crash.jsp
#

---------------  T H R E A D  ---------------

Current thread (0x000000001786a000):  VMThread [stack: 0x0000000019550000,0x0000000019650000] [id=12016]

siginfo: ExceptionCode=0xc0000005, reading address 0xffffffffffffffff

Registers:
RAX=0x01090c0101010109, RBX=0x000000001964ed20, RCX=0x000000001964ed20, RDX=0x01090c0101010128
RSP=0x000000001964ea50, RBP=0x000000001964f260, RSI=0x0000000000000000, RDI=0x000000001964f3f0
R8 =0x0000000000000000, R9 =0x00000000172d45f0, R10=0x0000000000000008, R11=0x00000000685bf398
R12=0x00000000176f5580, R13=0x000000001964f220, R14=0x00000000000003d8, R15=0x000000001964f210
RIP=0x00000000681e7b26, EFLAGS=0x0000000000010202

Top of Stack: (sp=0x000000001964ea50)
0x000000001964ea50:   00000000d6cd15e0 00000000d6cba230
0x000000001964ea60:   00000000d6cb1c18 00000000d6cac538
0x000000001964ea70:   00000000d6ebdf28 00000000d6e8ea90
0x000000001964ea80:   00000000d6e47540 00000000d6e432f8
0x000000001964ea90:   00000000d6e2ecb8 00000000d6e2e840
0x000000001964eaa0:   00000000027ef6f8 00000000027ef6f8
0x000000001964eab0:   00000000d6e2e040 00000000d6e2dfa0
0x000000001964eac0:   00000000d6e2bcc0 00000000d6e2b9b8
0x000000001964ead0:   00000000d6e2b8b0 00000000d6e2b838
0x000000001964eae0:   00000000d6e2b7c0 00000000d6e2b6f8
0x000000001964eaf0:   00000000d6e2b428 00000000d6e2b398
0x000000001964eb00:   00000000d6e2b2d0 00000000d6d46098
0x000000001964eb10:   00000000d6d458a0 00000000d6d1a430
0x000000001964eb20:   00000000d6d18ef8 00000000d6d18b38
0x000000001964eb30:   00000000d6d15068 00000000d6d14ba0
0x000000001964eb40:   00000000d6d134e0 00000000d6d12c20 

Instructions: (pc=0x00000000681e7b26)
0x00000000681e7b06:   01 00 00 48 8b 05 c0 2d 5c 00 48 33 c4 48 89 84
0x00000000681e7b16:   24 30 01 00 00 4c 63 41 10 48 8b 41 08 48 8b d9
0x00000000681e7b26:   42 38 54 00 08 74 33 44 0f be c2 48 8d 4c 24 20
0x00000000681e7b36:   48 8d 15 43 4f 3f 00 e8 2e e0 de ff 48 8d 0d c7 


Register to memory mapping:

RAX=0x01090c0101010109 is an unknown value
RBX=0x000000001964ed20 is an unknown value
RCX=0x000000001964ed20 is an unknown value
RDX=0x01090c0101010128 is an unknown value
RSP=0x000000001964ea50 is an unknown value
RBP=0x000000001964f260 is an unknown value
RSI=0x0000000000000000 is an unknown value
RDI=0x000000001964f3f0 is an unknown value
R8 =0x0000000000000000 is an unknown value
R9 =0x00000000172d45f0 is pointing into metadata
R10=0x0000000000000008 is an unknown value
R11=0x00000000685bf398 is an unknown value
R12=0x00000000176f5580 is an unknown value
R13=0x000000001964f220 is an unknown value
R14=0x00000000000003d8 is an unknown value
R15=0x000000001964f210 is an unknown value


Stack: [0x0000000019550000,0x0000000019650000],  sp=0x000000001964ea50,  free space=1018k
Native frames: (J=compiled Java code, j=interpreted, Vv=VM code, C=native code)
V  [jvm.dll+0x237b26]
V  [jvm.dll+0x2381a4]
V  [jvm.dll+0xff603]
V  [jvm.dll+0x1026f3]
V  [jvm.dll+0x1031bf]
V  [jvm.dll+0x103a05]
V  [jvm.dll+0x103c52]
V  [jvm.dll+0xc512e]
V  [jvm.dll+0xc57b8]
V  [jvm.dll+0xc58ea]
V  [jvm.dll+0xc5ae8]
V  [jvm.dll+0x10faea]
V  [jvm.dll+0x12d39f]
V  [jvm.dll+0x1bf68f]
V  [jvm.dll+0x24d6b7]
V  [jvm.dll+0x24c956]
V  [jvm.dll+0x24cdf1]
V  [jvm.dll+0x24d00e]
V  [jvm.dll+0x29fd2a]
C  [msvcr100.dll+0x21d9f]
C  [msvcr100.dll+0x21e3b]
C  [KERNEL32.DLL+0x126bd]
C  [ntdll.dll+0x5dfb8]

VM_Operation (0x000000001a38f610): GetOrSetLocal, mode: safepoint, requested by thread 0x000000001968e000


---------------  P R O C E S S  ---------------

Java Threads: ( => current thread )
  0x0000000019771000 JavaThread "Service Thread" daemon [_thread_blocked, id=8504, stack(0x000000001a990000,0x000000001aa90000)]
  0x000000001977a800 JavaThread "C1 CompilerThread3" daemon [_thread_blocked, id=24520, stack(0x000000001a890000,0x000000001a990000)]
  0x0000000019777800 JavaThread "C2 CompilerThread2" daemon [_thread_blocked, id=20060, stack(0x000000001a790000,0x000000001a890000)]
  0x0000000019777000 JavaThread "C2 CompilerThread1" daemon [_thread_blocked, id=23056, stack(0x000000001a690000,0x000000001a790000)]
  0x0000000019774000 JavaThread "C2 CompilerThread0" daemon [_thread_blocked, id=16028, stack(0x000000001a590000,0x000000001a690000)]
  0x000000001969c000 JavaThread "JDWP Command Reader" daemon [_thread_in_native, id=17304, stack(0x000000001a490000,0x000000001a590000)]
  0x000000001969a800 JavaThread "JDWP Event Helper Thread" daemon [_thread_blocked, id=21044, stack(0x000000001a390000,0x000000001a490000)]
  0x000000001968e000 JavaThread "JDWP Transport Listener: dt_socket" daemon [_thread_blocked, id=16836, stack(0x000000001a290000,0x000000001a390000)]
  0x0000000019682800 JavaThread "Attach Listener" daemon [_thread_blocked, id=18672, stack(0x0000000019e50000,0x0000000019f50000)]
  0x0000000019680000 JavaThread "Signal Dispatcher" daemon [_thread_blocked, id=2804, stack(0x0000000019d50000,0x0000000019e50000)]
  0x0000000019671800 JavaThread "Finalizer" daemon [_thread_blocked, id=10984, stack(0x0000000019b50000,0x0000000019c50000)]
  0x0000000019670800 JavaThread "Reference Handler" daemon [_thread_blocked, id=4220, stack(0x0000000019a50000,0x0000000019b50000)]
  0x0000000002912800 JavaThread "main" [_thread_blocked, id=4944, stack(0x00000000026f0000,0x00000000027f0000)]

Other Threads:
=>0x000000001786a000 VMThread [stack: 0x0000000019550000,0x0000000019650000] [id=12016]
  0x0000000019785800 WatcherThread [stack: 0x000000001aa90000,0x000000001ab90000] [id=13256]

VM state:at safepoint (normal execution)

VM Mutex/Monitor currently owned by a thread:  ([mutex/lock_event])
[0x00000000026edec0] Threads_lock - owner thread: 0x000000001786a000

heap address: 0x0000000083a00000, size: 1990 MB, Compressed Oops mode: 32-bit
Narrow klass base: 0x0000000000000000, Narrow klass shift: 3
Compressed class space size: 1073741824 Address: 0x0000000100000000

Heap:
 PSYoungGen      total 37888K, used 5935K [0x00000000d6900000, 0x00000000d9300000, 0x0000000100000000)
  eden space 32768K, 18% used [0x00000000d6900000,0x00000000d6ecbda0,0x00000000d8900000)
  from space 5120K, 0% used [0x00000000d8e00000,0x00000000d8e00000,0x00000000d9300000)
  to   space 5120K, 0% used [0x00000000d8900000,0x00000000d8900000,0x00000000d8e00000)
 ParOldGen       total 86016K, used 0K [0x0000000083a00000, 0x0000000088e00000, 0x00000000d6900000)
  object space 86016K, 0% used [0x0000000083a00000,0x0000000083a00000,0x0000000088e00000)
 Metaspace       used 5047K, capacity 5138K, committed 5248K, reserved 1056768K
  class space    used 527K, capacity 561K, committed 640K, reserved 1048576K

Card table byte_map: [0x0000000011dd0000,0x00000000121c0000] byte_map_base: 0x00000000119b3000

Marking Bits: (ParMarkBitMap*) 0x00000000687dbe30
 Begin Bits: [0x0000000012c60000, 0x0000000014b78000)
 End Bits:   [0x0000000014b78000, 0x0000000016a90000)

Polling page: 0x00000000025f0000

CodeCache: size=245760Kb used=1440Kb max_used=1440Kb free=244319Kb
 bounds [0x0000000002a10000, 0x0000000002c80000, 0x0000000011a10000]
 total_blobs=442 nmethods=154 adapters=209
 compilation: enabled

Compilation events (10 events):
Event: 505.804 Thread 0x000000001977a800  150       3       org.eclipse.jdt.launching.internal.org.objectweb.asm.MethodWriter::visitMethodInsn (191 bytes)
Event: 505.805 Thread 0x000000001977a800 nmethod 150 0x0000000002b76710 code [0x0000000002b76920, 0x0000000002b77448]
Event: 505.805 Thread 0x000000001977a800  151       3       org.eclipse.jdt.launching.internal.org.objectweb.asm.SymbolTable::addConstantMethodref (24 bytes)
Event: 505.805 Thread 0x000000001977a800 nmethod 151 0x0000000002b77990 code [0x0000000002b77b00, 0x0000000002b77d28]
Event: 539.131 Thread 0x000000001977a800  152       3       org.eclipse.jdt.launching.internal.org.objectweb.asm.ClassReader::readLabel (20 bytes)
Event: 539.132 Thread 0x000000001977a800 nmethod 152 0x0000000002b77dd0 code [0x0000000002b77f60, 0x0000000002b78390]
Event: 539.132 Thread 0x000000001977a800  153       3       org.eclipse.jdt.launching.internal.org.objectweb.asm.MethodWriter::visitLineNumber (50 bytes)
Event: 539.133 Thread 0x000000001977a800 nmethod 153 0x0000000002b785d0 code [0x0000000002b78760, 0x0000000002b78b98]
Event: 586.493 Thread 0x000000001977a800  154       3       org.eclipse.jdt.launching.internal.org.objectweb.asm.ByteVector::put122 (93 bytes)
Event: 586.494 Thread 0x000000001977a800 nmethod 154 0x0000000002b78dd0 code [0x0000000002b78f40, 0x0000000002b79208]

GC Heap History (0 events):
No events

Deoptimization events (0 events):
No events

Classes redefined (10 events):
Event: 211.079 Thread 0x000000001786a000 redefined class name=List.Test_stu_emp, count=1
Event: 303.193 Thread 0x000000001786a000 redefined class name=List.Test_stu_emp, count=2
Event: 403.763 Thread 0x000000001786a000 redefined class name=List.Test_stu_emp, count=3
Event: 463.827 Thread 0x000000001786a000 redefined class name=List.Test_stu_emp, count=4
Event: 491.870 Thread 0x000000001786a000 redefined class name=List.Test_stu_emp, count=5
Event: 505.802 Thread 0x000000001786a000 redefined class name=List.Test_stu_emp, count=6
Event: 539.133 Thread 0x000000001786a000 redefined class name=List.Test_stu_emp, count=7
Event: 552.516 Thread 0x000000001786a000 redefined class name=List.Test_stu_emp, count=8
Event: 580.108 Thread 0x000000001786a000 redefined class name=List.Test_stu_emp, count=9
Event: 586.496 Thread 0x000000001786a000 redefined class name=List.Test_stu_emp, count=10

Internal exceptions (2 events):
Event: 0.057 Thread 0x0000000002912800 Exception <a 'java/lang/NoSuchMethodError': Method sun.misc.Unsafe.defineClass(Ljava/lang/String;[BII)Ljava/lang/Class; name or signature does not match> (0x00000000d6907cc0) thrown at [C:\ade\jenkins\workspace\8-2-build-windows-amd64-cygwin\jdk8u241\331\
Event: 0.057 Thread 0x0000000002912800 Exception <a 'java/lang/NoSuchMethodError': Method sun.misc.Unsafe.prefetchRead(Ljava/lang/Object;J)V name or signature does not match> (0x00000000d6907fa8) thrown at [C:\ade\jenkins\workspace\8-2-build-windows-amd64-cygwin\jdk8u241\331\hotspot\src\share\

Events (10 events):
Event: 580.173 Executing VM operation: GetOwnedMonitorInfo done
Event: 580.173 Executing VM operation: GetCurrentContendedMonitor
Event: 580.173 Executing VM operation: GetCurrentContendedMonitor done
Event: 586.494 Executing VM operation: RedefineClasses
Event: 586.496 Executing VM operation: RedefineClasses done
Event: 586.607 Executing VM operation: GetOwnedMonitorInfo
Event: 586.607 Executing VM operation: GetOwnedMonitorInfo done
Event: 586.607 Executing VM operation: GetCurrentContendedMonitor
Event: 586.607 Executing VM operation: GetCurrentContendedMonitor done
Event: 587.635 Executing VM operation: GetOrSetLocal


Dynamic libraries:
0x00007ff7c0750000 - 0x00007ff7c0787000 	C:\Program Files\Java\jdk1.8.0_241\bin\javaw.exe
0x00007ffdc9d90000 - 0x00007ffdc9fa4000 	C:\WINDOWS\SYSTEM32\ntdll.dll
0x00007ffdc9340000 - 0x00007ffdc9403000 	C:\WINDOWS\System32\KERNEL32.DLL
0x00007ffdc7320000 - 0x00007ffdc76bd000 	C:\WINDOWS\System32\KERNELBASE.dll
0x00007ffdc9290000 - 0x00007ffdc933e000 	C:\WINDOWS\System32\ADVAPI32.dll
0x00007ffdc9100000 - 0x00007ffdc91a7000 	C:\WINDOWS\System32\msvcrt.dll
0x00007ffdc84a0000 - 0x00007ffdc8544000 	C:\WINDOWS\System32\sechost.dll
0x00007ffdc8380000 - 0x00007ffdc8495000 	C:\WINDOWS\System32\RPCRT4.dll
0x00007ffdc9960000 - 0x00007ffdc9b0d000 	C:\WINDOWS\System32\USER32.dll
0x00007ffdc77e0000 - 0x00007ffdc7806000 	C:\WINDOWS\System32\win32u.dll
0x00007ffdc80f0000 - 0x00007ffdc8119000 	C:\WINDOWS\System32\GDI32.dll
0x00007ffdc76c0000 - 0x00007ffdc77d2000 	C:\WINDOWS\System32\gdi32full.dll
0x00007ffdc79b0000 - 0x00007ffdc7a4a000 	C:\WINDOWS\System32\msvcp_win.dll
0x00007ffdc7810000 - 0x00007ffdc7921000 	C:\WINDOWS\System32\ucrtbase.dll
0x00007ffda5890000 - 0x00007ffda5b1e000 	C:\WINDOWS\WinSxS\amd64_microsoft.windows.common-controls_6595b64144ccf1df_6.0.22621.608_none_a9444ca7c10bb01d\COMCTL32.dll
0x00007ffdc9b10000 - 0x00007ffdc9b42000 	C:\WINDOWS\System32\IMM32.DLL
0x0000000068a30000 - 0x0000000068b02000 	C:\Program Files\Java\jdk1.8.0_241\jre\bin\msvcr100.dll
0x0000000067fb0000 - 0x000000006885c000 	C:\Program Files\Java\jdk1.8.0_241\jre\bin\server\jvm.dll
0x00007ffdc8670000 - 0x00007ffdc8678000 	C:\WINDOWS\System32\PSAPI.DLL
0x00007ffdbfd50000 - 0x00007ffdbfd59000 	C:\WINDOWS\SYSTEM32\WSOCK32.dll
0x00007ffdc08d0000 - 0x00007ffdc08da000 	C:\WINDOWS\SYSTEM32\VERSION.dll
0x00007ffdc9410000 - 0x00007ffdc9481000 	C:\WINDOWS\System32\WS2_32.dll
0x00007ffdc4e30000 - 0x00007ffdc4e64000 	C:\WINDOWS\SYSTEM32\WINMM.dll
0x00007ffdc1f10000 - 0x00007ffdc1f1f000 	C:\Program Files\Java\jdk1.8.0_241\jre\bin\verify.dll
0x00007ffdc16c0000 - 0x00007ffdc16e9000 	C:\Program Files\Java\jdk1.8.0_241\jre\bin\java.dll
0x00007ffdb8860000 - 0x00007ffdb8895000 	C:\Program Files\Java\jdk1.8.0_241\jre\bin\jdwp.dll
0x00007ffdc3630000 - 0x00007ffdc3638000 	C:\Program Files\Java\jdk1.8.0_241\jre\bin\npt.dll
0x00007ffdbfcb0000 - 0x00007ffdbfcd3000 	C:\Program Files\Java\jdk1.8.0_241\jre\bin\instrument.dll
0x00007ffdc16a0000 - 0x00007ffdc16b6000 	C:\Program Files\Java\jdk1.8.0_241\jre\bin\zip.dll
0x00007ffdc8680000 - 0x00007ffdc8e6f000 	C:\WINDOWS\System32\SHELL32.dll
0x00007ffdc51e0000 - 0x00007ffdc5aa8000 	C:\WINDOWS\SYSTEM32\windows.storage.dll
0x00007ffdc7c60000 - 0x00007ffdc7fea000 	C:\WINDOWS\System32\combase.dll
0x00007ffdc50a0000 - 0x00007ffdc51de000 	C:\WINDOWS\SYSTEM32\wintypes.dll
0x00007ffdc7ff0000 - 0x00007ffdc80e1000 	C:\WINDOWS\System32\SHCORE.dll
0x00007ffdc9b50000 - 0x00007ffdc9bae000 	C:\WINDOWS\System32\shlwapi.dll
0x00007ffdc70e0000 - 0x00007ffdc7101000 	C:\WINDOWS\SYSTEM32\profapi.dll
0x00007ffdc1f00000 - 0x00007ffdc1f09000 	C:\Program Files\Java\jdk1.8.0_241\jre\bin\dt_socket.dll
0x00007ffd96190000 - 0x00007ffd961a7000 	C:\WINDOWS\system32\napinsp.dll
0x00007ffd96170000 - 0x00007ffd9618b000 	C:\WINDOWS\system32\pnrpnsp.dll
0x00007ffdc6670000 - 0x00007ffdc66d9000 	C:\WINDOWS\System32\mswsock.dll
0x00007ffdc5dc0000 - 0x00007ffdc5eb2000 	C:\WINDOWS\SYSTEM32\DNSAPI.dll
0x00007ffdc5d40000 - 0x00007ffdc5d6d000 	C:\WINDOWS\SYSTEM32\IPHLPAPI.DLL
0x00007ffdc8370000 - 0x00007ffdc8379000 	C:\WINDOWS\System32\NSI.dll
0x00007ffd96150000 - 0x00007ffd96161000 	C:\WINDOWS\System32\winrnr.dll
0x00007ffd96130000 - 0x00007ffd96145000 	C:\WINDOWS\system32\wshbth.dll
0x00007ffd961f0000 - 0x00007ffd96211000 	C:\WINDOWS\system32\nlansp_c.dll
0x00007ffdbeac0000 - 0x00007ffdbeb43000 	C:\WINDOWS\System32\fwpuclnt.dll
0x00007ffdbe860000 - 0x00007ffdbe86a000 	C:\Windows\System32\rasadhlp.dll
0x00007ffdc4c00000 - 0x00007ffdc4e2e000 	C:\WINDOWS\SYSTEM32\dbghelp.dll
0x00007ffdc7b80000 - 0x00007ffdc7c57000 	C:\WINDOWS\System32\OLEAUT32.dll
0x00007ffdc7930000 - 0x00007ffdc79ab000 	C:\WINDOWS\System32\bcryptPrimitives.dll

VM Arguments:
jvm_args: -agentlib:jdwp=transport=dt_socket,suspend=y,address=localhost:49159 -javaagent:D:\apps\eclipse\configuration\org.eclipse.osgi\411\0\.cp\lib\javaagent-shaded.jar -Dfile.encoding=Cp1252 
java_command: List.Test_stu_emp
java_class_path (initial): E:\java_Workspace\Collection_Framework\bin;D:\apps\eclipse\configuration\org.eclipse.osgi\411\0\.cp\lib\javaagent-shaded.jar
Launcher Type: SUN_STANDARD

Environment Variables:
PATH=C:\Program Files\Java\jdk1.8.0_241\jre\bin;C:/Program Files/Java/jdk1.8.0_241/bin/../jre/bin/server;C:/Program Files/Java/jdk1.8.0_241/bin/../jre/bin;C:/Program Files/Java/jdk1.8.0_241/bin/../jre/lib/amd64;C:\Windows\system32;C:\Windows;C:\Windows\System32\Wbem;C:\Windows\System32\WindowsPowerShell\v1.0\;C:\Windows\System32\OpenSSH\;C:\Program Files (x86)\NVIDIA Corporation\PhysX\Common;C:\WINDOWS\system32;C:\WINDOWS;C:\WINDOWS\System32\Wbem;C:\WINDOWS\System32\WindowsPowerShell\v1.0\;C:\WINDOWS\System32\OpenSSH\;C:\Program Files\MATLAB\R2021b\runtime\win64;C:\Program Files\MATLAB\R2021b\bin;C:\Program Files\dotnet\;C:\Program Files\Java\jdk1.8.0_241\bin;C:\Users\HP\AppData\Local\Microsoft\WindowsApps;C:\Users\HP\AppData\Local\Programs\MiKTeX 2.9\miktex\bin\;;D:\apps\eclipse;
USERNAME=HP
OS=Windows_NT
PROCESSOR_IDENTIFIER=Intel64 Family 6 Model 126 Stepping 5, GenuineIntel



---------------  S Y S T E M  ---------------

OS: Windows 10.0 , 64 bit Build 22621 (10.0.22621.963)

CPU:total 8 (initial active 8) (4 cores per cpu, 2 threads per core) family 6 model 126 stepping 5, cmov, cx8, fxsr, mmx, sse, sse2, sse3, ssse3, sse4.1, sse4.2, popcnt, avx, avx2, aes, clmul, erms, 3dnowpref, lzcnt, ht, tsc, tscinvbit, bmi1, bmi2, adx

Memory: 4k page, physical 8150356k(1666608k free), swap 12344660k(2253268k free)

vm_info: Java HotSpot(TM) 64-Bit Server VM (25.241-b07) for windows-amd64 JRE (1.8.0_241-b07), built on Dec 11 2019 10:21:40 by "rejava" with MS VC++ 10.0 (VS2010)

time: Mon Jan 09 12:40:33 2023
timezone: India Standard Time
elapsed time: 587 seconds (0d 0h 9m 47s)

